<?xml version="1.0" encoding="UTF-8"?>
<!-- Generated by org.testng.reporters.JUnitReportReporter -->
<testsuite skipped="0" hostname="VitsedPC" name="com.vitsed.CalculatorTest" tests="64" failures="0" timestamp="2021-07-06T20:21:50 SAMT" time="0.151" errors="0">
  <testcase name="testMult" time="0.002" classname="com.vitsed.CalculatorTest"/>
  <system-out/>
  <testcase name="testNotSub" time="0.002" classname="com.vitsed.CalculatorTest"/>
  <system-out/>
  <testcase name="testMult" time="0.002" classname="com.vitsed.CalculatorTest"/>
  <system-out/>
  <testcase name="testNotSub" time="0.001" classname="com.vitsed.CalculatorTest"/>
  <system-out/>
  <testcase name="testAdd" time="0.003" classname="com.vitsed.CalculatorTest"/>
  <system-out/>
  <testcase name="testAdd" time="0.002" classname="com.vitsed.CalculatorTest"/>
  <system-out/>
  <testcase name="testNotSub" time="0.001" classname="com.vitsed.CalculatorTest"/>
  <system-out/>
  <testcase name="testDiv" time="0.001" classname="com.vitsed.CalculatorTest"/>
  <system-out/>
  <testcase name="testNotAdd" time="0.001" classname="com.vitsed.CalculatorTest"/>
  <system-out/>
  <testcase name="testSub" time="0.001" classname="com.vitsed.CalculatorTest"/>
  <system-out/>
  <testcase name="testMult" time="0.001" classname="com.vitsed.CalculatorTest"/>
  <system-out/>
  <testcase name="testNotDiv" time="0.002" classname="com.vitsed.CalculatorTest"/>
  <system-out/>
  <testcase name="testNotDiv" time="0.001" classname="com.vitsed.CalculatorTest"/>
  <system-out/>
  <testcase name="testNotDiv" time="0.001" classname="com.vitsed.CalculatorTest"/>
  <system-out/>
  <testcase name="testNotDiv" time="0.001" classname="com.vitsed.CalculatorTest"/>
  <system-out/>
  <testcase name="testNotMult" time="0.001" classname="com.vitsed.CalculatorTest"/>
  <system-out/>
  <testcase name="testNotMult" time="0.002" classname="com.vitsed.CalculatorTest"/>
  <system-out/>
  <testcase name="testNotSub" time="0.002" classname="com.vitsed.CalculatorTest"/>
  <system-out/>
  <testcase name="testNotAdd" time="0.001" classname="com.vitsed.CalculatorTest"/>
  <system-out/>
  <testcase name="testNotAdd" time="0.002" classname="com.vitsed.CalculatorTest"/>
  <system-out/>
  <testcase name="testAdd" time="0.002" classname="com.vitsed.CalculatorTest"/>
  <system-out/>
  <testcase name="testMult" time="0.002" classname="com.vitsed.CalculatorTest"/>
  <system-out/>
  <testcase name="testSub" time="0.001" classname="com.vitsed.CalculatorTest"/>
  <system-out/>
  <testcase name="testSub" time="0.001" classname="com.vitsed.CalculatorTest"/>
  <system-out/>
  <testcase name="testAdd" time="0.052" classname="com.vitsed.CalculatorTest"/>
  <system-out/>
  <testcase name="testNotDiv" time="0.001" classname="com.vitsed.CalculatorTest"/>
  <system-out/>
  <testcase name="testNotDiv" time="0.001" classname="com.vitsed.CalculatorTest"/>
  <system-out/>
  <testcase name="testNotAdd" time="0.001" classname="com.vitsed.CalculatorTest"/>
  <system-out/>
  <testcase name="testDiv" time="0.002" classname="com.vitsed.CalculatorTest"/>
  <system-out/>
  <testcase name="testNotDiv" time="0.001" classname="com.vitsed.CalculatorTest"/>
  <system-out/>
  <testcase name="testNotDiv" time="0.001" classname="com.vitsed.CalculatorTest"/>
  <system-out/>
  <testcase name="testNotMult" time="0.001" classname="com.vitsed.CalculatorTest"/>
  <system-out/>
  <testcase name="testNotAdd" time="0.002" classname="com.vitsed.CalculatorTest"/>
  <system-out/>
  <testcase name="testAdd" time="0.002" classname="com.vitsed.CalculatorTest"/>
  <system-out/>
  <testcase name="testAdd" time="0.003" classname="com.vitsed.CalculatorTest"/>
  <system-out/>
  <testcase name="testNotAdd" time="0.001" classname="com.vitsed.CalculatorTest"/>
  <system-out/>
  <testcase name="testSub" time="0.001" classname="com.vitsed.CalculatorTest"/>
  <system-out/>
  <testcase name="testMult" time="0.002" classname="com.vitsed.CalculatorTest"/>
  <system-out/>
  <testcase name="testNotMult" time="0.002" classname="com.vitsed.CalculatorTest"/>
  <system-out/>
  <testcase name="testNotSub" time="0.001" classname="com.vitsed.CalculatorTest"/>
  <system-out/>
  <testcase name="testSub" time="0.001" classname="com.vitsed.CalculatorTest"/>
  <system-out/>
  <testcase name="testNotAdd" time="0.002" classname="com.vitsed.CalculatorTest"/>
  <system-out/>
  <testcase name="testNotSub" time="0.001" classname="com.vitsed.CalculatorTest"/>
  <system-out/>
  <testcase name="testDiv" time="0.002" classname="com.vitsed.CalculatorTest"/>
  <system-out/>
  <testcase name="testDiv" time="0.003" classname="com.vitsed.CalculatorTest"/>
  <system-out/>
  <testcase name="testNotMult" time="0.001" classname="com.vitsed.CalculatorTest"/>
  <system-out/>
  <testcase name="testNotMult" time="0.001" classname="com.vitsed.CalculatorTest"/>
  <system-out/>
  <testcase name="testDiv" time="0.002" classname="com.vitsed.CalculatorTest"/>
  <system-out/>
  <testcase name="testSub" time="0.002" classname="com.vitsed.CalculatorTest"/>
  <system-out/>
  <testcase name="testDiv" time="0.001" classname="com.vitsed.CalculatorTest"/>
  <system-out/>
  <testcase name="testSub" time="0.002" classname="com.vitsed.CalculatorTest"/>
  <system-out/>
  <testcase name="testNotAdd" time="0.002" classname="com.vitsed.CalculatorTest"/>
  <system-out/>
  <testcase name="testSub" time="0.001" classname="com.vitsed.CalculatorTest"/>
  <system-out/>
  <testcase name="testNotSub" time="0.001" classname="com.vitsed.CalculatorTest"/>
  <system-out/>
  <testcase name="testMult" time="0.002" classname="com.vitsed.CalculatorTest"/>
  <system-out/>
  <testcase name="testDiv" time="0.002" classname="com.vitsed.CalculatorTest"/>
  <system-out/>
  <testcase name="testMult" time="0.001" classname="com.vitsed.CalculatorTest"/>
  <system-out/>
  <testcase name="testAdd" time="0.003" classname="com.vitsed.CalculatorTest"/>
  <system-out/>
  <testcase name="testNotMult" time="0.001" classname="com.vitsed.CalculatorTest"/>
  <system-out/>
  <testcase name="testNotSub" time="0.002" classname="com.vitsed.CalculatorTest"/>
  <system-out/>
  <testcase name="testDiv" time="0.001" classname="com.vitsed.CalculatorTest"/>
  <system-out/>
  <testcase name="testMult" time="0.003" classname="com.vitsed.CalculatorTest"/>
  <system-out/>
  <testcase name="testNotMult" time="0.001" classname="com.vitsed.CalculatorTest"/>
  <system-out/>
  <testcase name="testAdd" time="0.003" classname="com.vitsed.CalculatorTest"/>
  <system-out/>
</testsuite> <!-- com.vitsed.CalculatorTest -->
